2024-07-10 11:17:43,517 - INFO - Parameters: {
    "layers": [
        0,
        1,
        0
    ],
    "layer_thickness": [
        1.0,
        5.0,
        5.0
    ],
    "layers_suw": [
        2.0,
        6.0,
        6.0
    ],
    "su_friction": [
        [
            3.0,
            4.0
        ],
        25.0,
        [
            25.0,
            56.0
        ]
    ],
    "h-cavitation status": "off"
}
2024-07-10 11:17:43,517 - INFO - Results: {
    "VL_formula": [
        0,
        4,
        0
    ]
}
